[*] Running ikos preprocessor
ModelStdThreadPass visiting: fprintf
ModelStdThreadPass visiting: strncmp
ModelStdThreadPass visiting: fprintf
ModelStdThreadPass visiting: open
ModelStdThreadPass visiting: __errno_location
ModelStdThreadPass visiting: strerror
ModelStdThreadPass visiting: fprintf
ModelStdThreadPass visiting: tcgetattr
ModelStdThreadPass visiting: __errno_location
ModelStdThreadPass visiting: strerror
ModelStdThreadPass visiting: fprintf
ModelStdThreadPass visiting: close
ModelStdThreadPass visiting: termios_save
ModelStdThreadPass visiting: llvm.memset.p0.i64
ModelStdThreadPass visiting: cfmakeraw
ModelStdThreadPass visiting: baud_to_termios
ModelStdThreadPass visiting: cfsetspeed
ModelStdThreadPass visiting: __errno_location
ModelStdThreadPass visiting: strerror
ModelStdThreadPass visiting: fprintf
ModelStdThreadPass visiting: termios_restore
ModelStdThreadPass visiting: close
ModelStdThreadPass visiting: tcsetattr
ModelStdThreadPass visiting: __errno_location
ModelStdThreadPass visiting: strerror
ModelStdThreadPass visiting: fprintf
ModelStdThreadPass visiting: termios_restore
ModelStdThreadPass visiting: close
ModelStdThreadPass visiting: fprintf
ModelStdThreadPass visiting: termios_table_init
ModelStdThreadPass visiting: llvm.memcpy.p0.p0.i64
ModelStdThreadPass visiting: fprintf
ModelStdThreadPass visiting: fprintf
ModelStdThreadPass visiting: termios_table_init
ModelStdThreadPass visiting: tcsetattr
ModelStdThreadPass visiting: termios_restore
ModelStdThreadPass visiting: close
ModelStdThreadPass visiting: __errno_location
ModelStdThreadPass visiting: strerror
ModelStdThreadPass visiting: fprintf
ModelStdThreadPass visiting: fprintf
ModelStdThreadPass visiting: tcgetattr
ModelStdThreadPass visiting: __errno_location
ModelStdThreadPass visiting: strerror
ModelStdThreadPass visiting: fprintf
ModelStdThreadPass visiting: baud_to_termios
ModelStdThreadPass visiting: cfsetspeed
ModelStdThreadPass visiting: __errno_location
ModelStdThreadPass visiting: strerror
ModelStdThreadPass visiting: fprintf
ModelStdThreadPass visiting: tcsetattr
ModelStdThreadPass visiting: __errno_location
ModelStdThreadPass visiting: strerror
ModelStdThreadPass visiting: fprintf
ModelStdThreadPass visiting: isatty
ModelStdThreadPass visiting: read
ModelStdThreadPass visiting: __errno_location
ModelStdThreadPass visiting: __errno_location
ModelStdThreadPass visiting: __errno_location
ModelStdThreadPass visiting: __errno_location
ModelStdThreadPass visiting: strerror
ModelStdThreadPass visiting: fprintf
ModelStdThreadPass visiting: strlen
ModelStdThreadPass visiting: write
ModelStdThreadPass visiting: __errno_location
ModelStdThreadPass visiting: __errno_location
ModelStdThreadPass visiting: strerror
ModelStdThreadPass visiting: fprintf
ModelStdThreadPass visiting: write
ModelStdThreadPass visiting: __errno_location
ModelStdThreadPass visiting: __errno_location
ModelStdThreadPass visiting: strerror
ModelStdThreadPass visiting: fprintf
ModelStdThreadPass visiting: tcflush
ModelStdThreadPass visiting: __errno_location
ModelStdThreadPass visiting: strerror
ModelStdThreadPass visiting: fprintf
ModelStdThreadPass visiting: tcdrain
ModelStdThreadPass visiting: __errno_location
ModelStdThreadPass visiting: strerror
ModelStdThreadPass visiting: fprintf
ModelStdThreadPass visiting: opendir
ModelStdThreadPass visiting: __errno_location
ModelStdThreadPass visiting: strerror
ModelStdThreadPass visiting: fprintf
ModelStdThreadPass visiting: readdir
ModelStdThreadPass visiting: classify_port
ModelStdThreadPass visiting: snprintf
ModelStdThreadPass visiting: stat
ModelStdThreadPass visiting: snprintf
ModelStdThreadPass visiting: atoi
ModelStdThreadPass visiting: build_usb_desc
ModelStdThreadPass visiting: build_usb_desc
ModelStdThreadPass visiting: snprintf
ModelStdThreadPass visiting: snprintf
ModelStdThreadPass visiting: closedir
ModelStdThreadPass visiting: qsort
ModelStdThreadPass visiting: llvm.memcpy.p0.p0.i64
ModelStdThreadPass visiting: llvm.memcpy.p0.p0.i64
ModelStdThreadPass visiting: fprintf
ModelStdThreadPass visiting: strncmp
ModelStdThreadPass visiting: strncmp
ModelStdThreadPass visiting: strncmp
ModelStdThreadPass visiting: llvm.memset.p0.i64
ModelStdThreadPass visiting: llvm.memset.p0.i64
ModelStdThreadPass visiting: snprintf
ModelStdThreadPass visiting: read_sysfs_attr
ModelStdThreadPass visiting: snprintf
ModelStdThreadPass visiting: read_sysfs_attr
ModelStdThreadPass visiting: snprintf
ModelStdThreadPass visiting: snprintf
ModelStdThreadPass visiting: snprintf
ModelStdThreadPass visiting: snprintf
ModelStdThreadPass visiting: tcsendbreak
ModelStdThreadPass visiting: __errno_location
ModelStdThreadPass visiting: strerror
ModelStdThreadPass visiting: fprintf
ModelStdThreadPass visiting: ioctl
ModelStdThreadPass visiting: __errno_location
ModelStdThreadPass visiting: strerror
ModelStdThreadPass visiting: fprintf
ModelStdThreadPass visiting: ioctl
ModelStdThreadPass visiting: __errno_location
ModelStdThreadPass visiting: strerror
ModelStdThreadPass visiting: fprintf
ModelStdThreadPass visiting: ioctl
ModelStdThreadPass visiting: __errno_location
ModelStdThreadPass visiting: strerror
ModelStdThreadPass visiting: fprintf
ModelStdThreadPass visiting: write
ModelStdThreadPass visiting: __errno_location
ModelStdThreadPass visiting: __errno_location
ModelStdThreadPass visiting: strerror
ModelStdThreadPass visiting: fprintf
ModelStdThreadPass visiting: usleep
ModelStdThreadPass visiting: snprintf
ModelStdThreadPass visiting: snprintf
ModelStdThreadPass visiting: llvm.memcpy.p0.p0.i64
ModelStdThreadPass visiting: fopen
ModelStdThreadPass visiting: fgets
ModelStdThreadPass visiting: fclose
ModelStdThreadPass visiting: fclose
ModelStdThreadPass visiting: strlen
[*] Running ikos analyzer
[*] Translating LLVM bitcode to AR
ikos-analyzer: /tmp/ikos-w6lpo8ym/serial_shim.pp.bc: error: could not find function 'main'
ikos: error: a run-time error occurred
